Build started 24/04/2015 16:19:01.
     1>Project "C:\Users\JP42TC\documents\visual studio 2013\Projects\Atividade4\Atividade4\Atividade4.vcxproj" on node 2 (Build target(s)).
     1>ClCompile:
         C:\Program Files (x86)\Microsoft Visual Studio 12.0\VC\bin\CL.exe /c /ZI /nologo /W3 /WX- /Od /Oy- /D WIN32 /D _DEBUG /D _CONSOLE /D _LIB /D _UNICODE /D UNICODE /Gm /EHsc /RTC1 /MDd /GS /fp:precise /Zc:wchar_t /Zc:forScope /Yu"stdafx.h" /Fp"Debug\Atividade4.pch" /Fo"Debug\\" /Fd"Debug\vc120.pdb" /Gd /TP /analyze- /errorReport:prompt Atividade4.cpp
         Atividade4.cpp
     1>c:\users\jp42tc\documents\visual studio 2013\projects\atividade4\atividade4\atividade4.cpp(24): warning C4996: 'scanf': This function or variable may be unsafe. Consider using scanf_s instead. To disable deprecation, use _CRT_SECURE_NO_WARNINGS. See online help for details.
                 c:\program files (x86)\microsoft visual studio 12.0\vc\include\stdio.h(283) : see declaration of 'scanf'
     1>c:\users\jp42tc\documents\visual studio 2013\projects\atividade4\atividade4\atividade4.cpp(32): warning C4996: 'fopen': This function or variable may be unsafe. Consider using fopen_s instead. To disable deprecation, use _CRT_SECURE_NO_WARNINGS. See online help for details.
                 c:\program files (x86)\microsoft visual studio 12.0\vc\include\stdio.h(211) : see declaration of 'fopen'
     1>c:\users\jp42tc\documents\visual studio 2013\projects\atividade4\atividade4\atividade4.cpp(49): warning C4996: 'fopen': This function or variable may be unsafe. Consider using fopen_s instead. To disable deprecation, use _CRT_SECURE_NO_WARNINGS. See online help for details.
                 c:\program files (x86)\microsoft visual studio 12.0\vc\include\stdio.h(211) : see declaration of 'fopen'
     1>c:\users\jp42tc\documents\visual studio 2013\projects\atividade4\atividade4\atividade4.cpp(58): warning C4996: 'fopen': This function or variable may be unsafe. Consider using fopen_s instead. To disable deprecation, use _CRT_SECURE_NO_WARNINGS. See online help for details.
                 c:\program files (x86)\microsoft visual studio 12.0\vc\include\stdio.h(211) : see declaration of 'fopen'
     1>c:\users\jp42tc\documents\visual studio 2013\projects\atividade4\atividade4\atividade4.cpp(78): warning C4996: 'fopen': This function or variable may be unsafe. Consider using fopen_s instead. To disable deprecation, use _CRT_SECURE_NO_WARNINGS. See online help for details.
                 c:\program files (x86)\microsoft visual studio 12.0\vc\include\stdio.h(211) : see declaration of 'fopen'
       Link:
         C:\Program Files (x86)\Microsoft Visual Studio 12.0\VC\bin\link.exe /ERRORREPORT:PROMPT /OUT:"C:\Users\JP42TC\documents\visual studio 2013\Projects\Atividade4\Debug\Atividade4.exe" /INCREMENTAL /NOLOGO kernel32.lib user32.lib gdi32.lib winspool.lib comdlg32.lib advapi32.lib shell32.lib ole32.lib oleaut32.lib uuid.lib odbc32.lib odbccp32.lib /MANIFEST /MANIFESTUAC:"level='asInvoker' uiAccess='false'" /manifest:embed /DEBUG /PDB:"C:\Users\JP42TC\documents\visual studio 2013\Projects\Atividade4\Debug\Atividade4.pdb" /SUBSYSTEM:CONSOLE /TLBID:1 /DYNAMICBASE /NXCOMPAT /IMPLIB:"C:\Users\JP42TC\documents\visual studio 2013\Projects\Atividade4\Debug\Atividade4.lib" /MACHINE:X86 Debug\Atividade4.obj
         Debug\stdafx.obj
         Atividade4.vcxproj -> C:\Users\JP42TC\documents\visual studio 2013\Projects\Atividade4\Debug\Atividade4.exe
     1>Done Building Project "C:\Users\JP42TC\documents\visual studio 2013\Projects\Atividade4\Atividade4\Atividade4.vcxproj" (Build target(s)).

Build succeeded.

Time Elapsed 00:00:01.17
